2023-01-04 15:39:05,275 [INFO    ] Requesting initial page...
2023-01-04 15:39:06,314 [INFO    ] Initial page opened.
2023-01-04 15:39:06,332 [INFO    ] Logging in...
2023-01-04 15:39:22,239 [INFO    ] Logged in.
2023-01-04 15:39:24,305 [INFO    ] Start download, d04_text_station_5min_2022_01_01.txt.gz
2023-01-04 15:39:31,583 [INFO    ] Download completed
2023-01-04 15:39:36,585 [INFO    ] Start download, d04_text_station_5min_2022_01_02.txt.gz
2023-01-04 15:39:41,315 [INFO    ] Download completed
2023-01-04 15:39:46,318 [INFO    ] Start download, d04_text_station_5min_2022_01_03.txt.gz
2023-01-04 15:39:49,643 [INFO    ] Download completed
2023-01-04 15:39:54,646 [INFO    ] Start download, d04_text_station_5min_2022_01_04.txt.gz
2023-01-04 15:40:04,680 [INFO    ] Download completed
2023-01-04 15:40:09,682 [INFO    ] Start download, d04_text_station_5min_2022_01_05.txt.gz
2023-01-04 15:40:13,633 [INFO    ] Download completed
2023-01-04 15:40:18,634 [INFO    ] Start download, d04_text_station_5min_2022_01_06.txt.gz
2023-01-04 15:40:25,517 [INFO    ] Download completed
2023-01-04 15:40:30,518 [INFO    ] Start download, d04_text_station_5min_2022_01_07.txt.gz
2023-01-04 15:40:37,056 [INFO    ] Download completed
2023-01-04 15:40:42,058 [INFO    ] Start download, d04_text_station_5min_2022_01_08.txt.gz
2023-01-04 15:40:48,543 [INFO    ] Download completed
2023-01-04 15:40:53,545 [INFO    ] Start download, d04_text_station_5min_2022_01_09.txt.gz
2023-01-04 15:40:57,821 [INFO    ] Download completed
2023-01-04 15:41:02,823 [INFO    ] Start download, d04_text_station_5min_2022_01_10.txt.gz
2023-01-04 15:41:07,734 [INFO    ] Download completed
2023-01-04 15:41:12,735 [INFO    ] Start download, d04_text_station_5min_2022_01_11.txt.gz
2023-01-04 15:41:16,549 [INFO    ] Download completed
2023-01-04 15:41:21,551 [INFO    ] Start download, d04_text_station_5min_2022_01_12.txt.gz
2023-01-04 15:41:26,448 [INFO    ] Download completed
2023-01-04 15:41:31,450 [INFO    ] Start download, d04_text_station_5min_2022_01_13.txt.gz
2023-01-04 15:41:37,847 [INFO    ] Download completed
2023-01-04 15:41:42,848 [INFO    ] Start download, d04_text_station_5min_2022_01_14.txt.gz
2023-01-04 15:41:47,799 [INFO    ] Download completed
2023-01-04 15:41:52,800 [INFO    ] Start download, d04_text_station_5min_2022_01_15.txt.gz
2023-01-04 15:41:57,932 [INFO    ] Download completed
2023-01-04 15:42:02,934 [INFO    ] Start download, d04_text_station_5min_2022_01_16.txt.gz
2023-01-04 15:42:07,191 [INFO    ] Download completed
2023-01-04 15:42:12,193 [INFO    ] Start download, d04_text_station_5min_2022_01_17.txt.gz
2023-01-04 15:42:16,174 [INFO    ] Download completed
2023-01-04 15:42:21,177 [INFO    ] Start download, d04_text_station_5min_2022_01_18.txt.gz
2023-01-04 15:42:27,865 [INFO    ] Download completed
2023-01-04 15:42:32,867 [INFO    ] Start download, d04_text_station_5min_2022_01_19.txt.gz
2023-01-04 15:42:38,702 [INFO    ] Download completed
2023-01-04 15:42:43,703 [INFO    ] Start download, d04_text_station_5min_2022_01_20.txt.gz
2023-01-04 15:42:51,205 [INFO    ] Download completed
2023-01-04 15:42:56,207 [INFO    ] Start download, d04_text_station_5min_2022_01_21.txt.gz
2023-01-04 15:43:01,051 [INFO    ] Download completed
2023-01-04 15:43:06,053 [INFO    ] Start download, d04_text_station_5min_2022_01_22.txt.gz
2023-01-04 15:43:10,677 [INFO    ] Download completed
2023-01-04 15:43:15,679 [INFO    ] Start download, d04_text_station_5min_2022_01_23.txt.gz
2023-01-04 15:43:22,549 [INFO    ] Download completed
2023-01-04 15:43:27,551 [INFO    ] Start download, d04_text_station_5min_2022_01_24.txt.gz
2023-01-04 15:43:33,431 [INFO    ] Download completed
2023-01-04 15:43:38,432 [INFO    ] Start download, d04_text_station_5min_2022_01_25.txt.gz
2023-01-04 15:43:42,419 [INFO    ] Download completed
2023-01-04 15:43:47,420 [INFO    ] Start download, d04_text_station_5min_2022_01_26.txt.gz
2023-01-04 15:43:54,052 [INFO    ] Download completed
2023-01-04 15:43:59,054 [INFO    ] Start download, d04_text_station_5min_2022_01_27.txt.gz
2023-01-04 15:44:05,426 [INFO    ] Download completed
2023-01-04 15:44:10,427 [INFO    ] Start download, d04_text_station_5min_2022_01_28.txt.gz
2023-01-04 15:44:15,963 [INFO    ] Download completed
2023-01-04 15:44:20,965 [INFO    ] Start download, d04_text_station_5min_2022_01_29.txt.gz
2023-01-04 15:44:27,218 [INFO    ] Download completed
2023-01-04 15:44:32,220 [INFO    ] Start download, d04_text_station_5min_2022_01_30.txt.gz
2023-01-04 15:44:38,629 [INFO    ] Download completed
2023-01-04 15:44:43,631 [INFO    ] Start download, d04_text_station_5min_2022_01_31.txt.gz
2023-01-04 15:44:49,453 [INFO    ] Download completed
2023-01-04 15:44:54,455 [INFO    ] Start download, d04_text_station_5min_2022_02_01.txt.gz
2023-01-04 15:45:01,531 [INFO    ] Download completed
2023-01-04 15:45:06,533 [INFO    ] Start download, d04_text_station_5min_2022_02_02.txt.gz
2023-01-04 15:45:10,664 [INFO    ] Download completed
2023-01-04 15:45:15,666 [INFO    ] Start download, d04_text_station_5min_2022_02_03.txt.gz
2023-01-04 15:45:23,097 [INFO    ] Download completed
2023-01-04 15:45:28,100 [INFO    ] Start download, d04_text_station_5min_2022_02_04.txt.gz
2023-01-04 15:45:34,742 [INFO    ] Download completed
2023-01-04 15:45:39,744 [INFO    ] Start download, d04_text_station_5min_2022_02_05.txt.gz
2023-01-04 15:45:42,835 [INFO    ] Download completed
2023-01-04 15:45:47,836 [INFO    ] Start download, d04_text_station_5min_2022_02_06.txt.gz
2023-01-04 15:45:51,418 [INFO    ] Download completed
2023-01-04 15:45:56,420 [INFO    ] Start download, d04_text_station_5min_2022_02_07.txt.gz
2023-01-04 15:46:02,630 [INFO    ] Download completed
2023-01-04 15:46:07,632 [INFO    ] Start download, d04_text_station_5min_2022_02_08.txt.gz
2023-01-04 15:46:14,353 [INFO    ] Download completed
2023-01-04 15:46:19,354 [INFO    ] Start download, d04_text_station_5min_2022_02_09.txt.gz
2023-01-04 15:46:23,579 [INFO    ] Download completed
2023-01-04 15:46:28,580 [INFO    ] Start download, d04_text_station_5min_2022_02_10.txt.gz
2023-01-04 15:46:34,400 [INFO    ] Download completed
2023-01-04 15:46:39,402 [INFO    ] Start download, d04_text_station_5min_2022_02_11.txt.gz
2023-01-04 15:46:48,173 [INFO    ] Download completed
2023-01-04 15:46:53,175 [INFO    ] Start download, d04_text_station_5min_2022_02_12.txt.gz
2023-01-04 15:47:01,432 [INFO    ] Download completed
2023-01-04 15:47:06,434 [INFO    ] Start download, d04_text_station_5min_2022_02_13.txt.gz
2023-01-04 15:47:15,957 [INFO    ] Download completed
2023-01-04 15:47:20,959 [INFO    ] Start download, d04_text_station_5min_2022_02_14.txt.gz
2023-01-04 15:47:29,776 [INFO    ] Download completed
2023-01-04 15:47:34,777 [INFO    ] Start download, d04_text_station_5min_2022_02_15.txt.gz
2023-01-04 15:47:44,022 [INFO    ] Download completed
2023-01-04 15:47:49,024 [INFO    ] Start download, d04_text_station_5min_2022_02_16.txt.gz
2023-01-04 15:47:58,368 [INFO    ] Download completed
2023-01-04 15:48:03,369 [INFO    ] Start download, d04_text_station_5min_2022_02_17.txt.gz
2023-01-04 15:48:12,522 [INFO    ] Download completed
2023-01-04 15:48:17,524 [INFO    ] Start download, d04_text_station_5min_2022_02_18.txt.gz
2023-01-04 15:48:26,061 [INFO    ] Download completed
2023-01-04 15:48:31,062 [INFO    ] Start download, d04_text_station_5min_2022_02_19.txt.gz
2023-01-04 15:48:39,247 [INFO    ] Download completed
2023-01-04 15:48:44,248 [INFO    ] Start download, d04_text_station_5min_2022_02_20.txt.gz
2023-01-04 15:48:53,392 [INFO    ] Download completed
2023-01-04 15:48:58,394 [INFO    ] Start download, d04_text_station_5min_2022_02_21.txt.gz
2023-01-04 15:49:07,440 [INFO    ] Download completed
2023-01-04 15:49:12,441 [INFO    ] Start download, d04_text_station_5min_2022_02_22.txt.gz
2023-01-04 15:49:21,368 [INFO    ] Download completed
2023-01-04 15:49:26,370 [INFO    ] Start download, d04_text_station_5min_2022_02_23.txt.gz
2023-01-04 15:49:35,098 [INFO    ] Download completed
2023-01-04 15:49:40,100 [INFO    ] Start download, d04_text_station_5min_2022_02_24.txt.gz
2023-01-04 15:49:48,470 [INFO    ] Download completed
2023-01-04 15:49:53,473 [INFO    ] Start download, d04_text_station_5min_2022_02_25.txt.gz
2023-01-04 15:50:02,798 [INFO    ] Download completed
2023-01-04 15:50:07,800 [INFO    ] Start download, d04_text_station_5min_2022_02_26.txt.gz
2023-01-04 15:50:16,648 [INFO    ] Download completed
2023-01-04 15:50:21,650 [INFO    ] Start download, d04_text_station_5min_2022_02_27.txt.gz
2023-01-04 15:50:30,382 [INFO    ] Download completed
2023-01-04 15:50:35,384 [INFO    ] Start download, d04_text_station_5min_2022_02_28.txt.gz
2023-01-04 15:50:44,957 [INFO    ] Download completed
2023-01-04 15:50:49,959 [INFO    ] Start download, d04_text_station_5min_2022_03_01.txt.gz
2023-01-04 15:50:58,862 [INFO    ] Download completed
2023-01-04 15:51:03,864 [INFO    ] Start download, d04_text_station_5min_2022_03_02.txt.gz
2023-01-04 15:51:12,529 [INFO    ] Download completed
2023-01-04 15:51:17,531 [INFO    ] Start download, d04_text_station_5min_2022_03_03.txt.gz
2023-01-04 15:51:27,435 [INFO    ] Download completed
2023-01-04 15:51:32,437 [INFO    ] Start download, d04_text_station_5min_2022_03_04.txt.gz
2023-01-04 15:51:41,322 [INFO    ] Download completed
2023-01-04 15:51:46,323 [INFO    ] Start download, d04_text_station_5min_2022_03_05.txt.gz
2023-01-04 15:51:55,514 [INFO    ] Download completed
2023-01-04 15:52:00,516 [INFO    ] Start download, d04_text_station_5min_2022_03_06.txt.gz
2023-01-04 15:52:09,748 [INFO    ] Download completed
2023-01-04 15:52:14,749 [INFO    ] Start download, d04_text_station_5min_2022_03_07.txt.gz
2023-01-04 15:52:23,930 [INFO    ] Download completed
2023-01-04 15:52:28,931 [INFO    ] Start download, d04_text_station_5min_2022_03_08.txt.gz
2023-01-04 15:52:37,156 [INFO    ] Download completed
2023-01-04 15:52:42,157 [INFO    ] Start download, d04_text_station_5min_2022_03_09.txt.gz
2023-01-04 15:52:51,918 [INFO    ] Download completed
2023-01-04 15:52:56,920 [INFO    ] Start download, d04_text_station_5min_2022_03_10.txt.gz
2023-01-04 15:53:05,316 [INFO    ] Download completed
2023-01-04 15:53:10,318 [INFO    ] Start download, d04_text_station_5min_2022_03_11.txt.gz
2023-01-04 15:53:20,297 [INFO    ] Download completed
2023-01-04 15:53:25,299 [INFO    ] Start download, d04_text_station_5min_2022_03_12.txt.gz
2023-01-04 15:54:04,829 [INFO    ] Download completed
2023-01-04 15:54:09,830 [INFO    ] Start download, d04_text_station_5min_2022_03_13.txt.gz
2023-01-04 15:54:18,701 [INFO    ] Download completed
2023-01-04 15:54:23,703 [INFO    ] Start download, d04_text_station_5min_2022_03_14.txt.gz
2023-01-04 15:54:32,099 [INFO    ] Download completed
2023-01-04 15:54:37,101 [INFO    ] Start download, d04_text_station_5min_2022_03_15.txt.gz
2023-01-04 15:54:45,812 [INFO    ] Download completed
2023-01-04 15:54:50,813 [INFO    ] Start download, d04_text_station_5min_2022_03_16.txt.gz
2023-01-04 15:54:59,756 [INFO    ] Download completed
2023-01-04 15:55:04,757 [INFO    ] Start download, d04_text_station_5min_2022_03_17.txt.gz
2023-01-04 15:55:16,373 [INFO    ] Download completed
2023-01-04 15:55:21,375 [INFO    ] Start download, d04_text_station_5min_2022_03_18.txt.gz
2023-01-04 15:55:30,257 [INFO    ] Download completed
2023-01-04 15:55:35,258 [INFO    ] Start download, d04_text_station_5min_2022_03_19.txt.gz
2023-01-04 15:55:44,222 [INFO    ] Download completed
2023-01-04 15:55:49,223 [INFO    ] Start download, d04_text_station_5min_2022_03_20.txt.gz
2023-01-04 15:55:58,666 [INFO    ] Download completed
2023-01-04 15:56:03,668 [INFO    ] Start download, d04_text_station_5min_2022_03_21.txt.gz
2023-01-04 15:56:12,494 [INFO    ] Download completed
2023-01-04 15:56:17,496 [INFO    ] Start download, d04_text_station_5min_2022_03_22.txt.gz
2023-01-04 15:56:27,293 [INFO    ] Download completed
2023-01-04 15:56:32,295 [INFO    ] Start download, d04_text_station_5min_2022_03_23.txt.gz
2023-01-04 15:56:42,351 [INFO    ] Download completed
2023-01-04 15:56:47,353 [INFO    ] Start download, d04_text_station_5min_2022_03_24.txt.gz
2023-01-04 15:56:56,384 [INFO    ] Download completed
2023-01-04 15:57:01,385 [INFO    ] Start download, d04_text_station_5min_2022_03_25.txt.gz
2023-01-04 15:57:11,239 [INFO    ] Download completed
2023-01-04 15:57:16,241 [INFO    ] Start download, d04_text_station_5min_2022_03_26.txt.gz
2023-01-04 15:57:24,736 [INFO    ] Download completed
2023-01-04 15:57:29,738 [INFO    ] Start download, d04_text_station_5min_2022_03_27.txt.gz
2023-01-04 15:57:38,640 [INFO    ] Download completed
2023-01-04 15:57:43,641 [INFO    ] Start download, d04_text_station_5min_2022_03_28.txt.gz
2023-01-04 15:57:52,688 [INFO    ] Download completed
2023-01-04 15:57:57,690 [INFO    ] Start download, d04_text_station_5min_2022_03_29.txt.gz
2023-01-04 15:58:08,399 [INFO    ] Download completed
2023-01-04 15:58:13,401 [INFO    ] Start download, d04_text_station_5min_2022_03_30.txt.gz
2023-01-04 15:58:22,913 [INFO    ] Download completed
2023-01-04 15:58:27,915 [INFO    ] Start download, d04_text_station_5min_2022_03_31.txt.gz
2023-01-04 15:58:36,280 [INFO    ] Download completed
2023-01-04 15:58:41,282 [INFO    ] Start download, d04_text_station_5min_2022_04_01.txt.gz
2023-01-04 15:58:49,255 [INFO    ] Download completed
2023-01-04 15:58:54,257 [INFO    ] Start download, d04_text_station_5min_2022_04_02.txt.gz
2023-01-04 15:59:03,556 [INFO    ] Download completed
2023-01-04 15:59:08,557 [INFO    ] Start download, d04_text_station_5min_2022_04_03.txt.gz
2023-01-04 15:59:17,099 [INFO    ] Download completed
2023-01-04 15:59:22,100 [INFO    ] Start download, d04_text_station_5min_2022_04_04.txt.gz
2023-01-04 15:59:29,443 [INFO    ] Download completed
2023-01-04 15:59:34,444 [INFO    ] Start download, d04_text_station_5min_2022_04_05.txt.gz
2023-01-04 15:59:42,530 [INFO    ] Download completed
2023-01-04 15:59:47,532 [INFO    ] Start download, d04_text_station_5min_2022_04_06.txt.gz
2023-01-04 15:59:56,008 [INFO    ] Download completed
2023-01-04 16:00:01,009 [INFO    ] Start download, d04_text_station_5min_2022_04_07.txt.gz
2023-01-04 16:00:10,304 [INFO    ] Download completed
2023-01-04 16:00:15,306 [INFO    ] Start download, d04_text_station_5min_2022_04_08.txt.gz
2023-01-04 16:00:23,832 [INFO    ] Download completed
2023-01-04 16:00:28,833 [INFO    ] Start download, d04_text_station_5min_2022_04_09.txt.gz
2023-01-04 16:00:37,998 [INFO    ] Download completed
2023-01-04 16:00:42,999 [INFO    ] Start download, d04_text_station_5min_2022_04_10.txt.gz
2023-01-04 16:00:52,971 [INFO    ] Download completed
2023-01-04 16:00:57,973 [INFO    ] Start download, d04_text_station_5min_2022_04_11.txt.gz
2023-01-04 16:01:06,218 [INFO    ] Download completed
2023-01-04 16:01:11,219 [INFO    ] Start download, d04_text_station_5min_2022_04_12.txt.gz
2023-01-04 16:01:20,538 [INFO    ] Download completed
2023-01-04 16:01:25,540 [INFO    ] Start download, d04_text_station_5min_2022_04_13.txt.gz
2023-01-04 16:01:33,948 [INFO    ] Download completed
2023-01-04 16:01:38,950 [INFO    ] Start download, d04_text_station_5min_2022_04_14.txt.gz
2023-01-04 16:01:47,641 [INFO    ] Download completed
2023-01-04 16:01:52,642 [INFO    ] Start download, d04_text_station_5min_2022_04_15.txt.gz
2023-01-04 16:02:01,432 [INFO    ] Download completed
2023-01-04 16:02:06,434 [INFO    ] Start download, d04_text_station_5min_2022_04_16.txt.gz
2023-01-04 16:02:14,901 [INFO    ] Download completed
2023-01-04 16:02:19,902 [INFO    ] Start download, d04_text_station_5min_2022_04_17.txt.gz
2023-01-04 16:02:27,881 [INFO    ] Download completed
2023-01-04 16:02:32,882 [INFO    ] Start download, d04_text_station_5min_2022_04_18.txt.gz
2023-01-04 16:02:40,875 [INFO    ] Download completed
2023-01-04 16:02:45,876 [INFO    ] Start download, d04_text_station_5min_2022_04_19.txt.gz
2023-01-04 16:02:54,156 [INFO    ] Download completed
2023-01-04 16:02:59,158 [INFO    ] Start download, d04_text_station_5min_2022_04_20.txt.gz
2023-01-04 16:03:07,722 [INFO    ] Download completed
2023-01-04 16:03:12,724 [INFO    ] Start download, d04_text_station_5min_2022_04_21.txt.gz
2023-01-04 16:03:20,562 [INFO    ] Download completed
2023-01-04 16:03:25,563 [INFO    ] Start download, d04_text_station_5min_2022_04_22.txt.gz
2023-01-04 16:03:34,426 [INFO    ] Download completed
2023-01-04 16:03:39,427 [INFO    ] Start download, d04_text_station_5min_2022_04_23.txt.gz
2023-01-04 16:03:47,655 [INFO    ] Download completed
2023-01-04 16:03:52,657 [INFO    ] Start download, d04_text_station_5min_2022_04_24.txt.gz
2023-01-04 16:04:00,741 [INFO    ] Download completed
2023-01-04 16:04:05,742 [INFO    ] Start download, d04_text_station_5min_2022_04_25.txt.gz
2023-01-04 16:04:15,351 [INFO    ] Download completed
2023-01-04 16:04:20,353 [INFO    ] Start download, d04_text_station_5min_2022_04_26.txt.gz
2023-01-04 16:04:28,469 [INFO    ] Download completed
2023-01-04 16:04:33,471 [INFO    ] Start download, d04_text_station_5min_2022_04_27.txt.gz
2023-01-04 16:04:41,923 [INFO    ] Download completed
2023-01-04 16:04:46,925 [INFO    ] Start download, d04_text_station_5min_2022_04_28.txt.gz
2023-01-04 16:04:55,187 [INFO    ] Download completed
2023-01-04 16:05:00,188 [INFO    ] Start download, d04_text_station_5min_2022_04_29.txt.gz
2023-01-04 16:05:08,566 [INFO    ] Download completed
2023-01-04 16:05:13,567 [INFO    ] Start download, d04_text_station_5min_2022_04_30.txt.gz
2023-01-04 16:05:21,798 [INFO    ] Download completed
2023-01-04 16:05:26,800 [INFO    ] Start download, d04_text_station_5min_2022_05_01.txt.gz
2023-01-04 16:05:35,117 [INFO    ] Download completed
2023-01-04 16:05:40,119 [INFO    ] Start download, d04_text_station_5min_2022_05_02.txt.gz
2023-01-04 16:05:49,139 [INFO    ] Download completed
2023-01-04 16:05:54,141 [INFO    ] Start download, d04_text_station_5min_2022_05_03.txt.gz
2023-01-04 16:06:02,554 [INFO    ] Download completed
2023-01-04 16:06:07,556 [INFO    ] Start download, d04_text_station_5min_2022_05_04.txt.gz
2023-01-04 16:06:16,071 [INFO    ] Download completed
2023-01-04 16:06:21,072 [INFO    ] Start download, d04_text_station_5min_2022_05_05.txt.gz
2023-01-04 16:06:28,880 [INFO    ] Download completed
2023-01-04 16:06:33,882 [INFO    ] Start download, d04_text_station_5min_2022_05_06.txt.gz
2023-01-04 16:06:41,522 [INFO    ] Download completed
2023-01-04 16:06:46,524 [INFO    ] Start download, d04_text_station_5min_2022_05_07.txt.gz
2023-01-04 16:06:54,936 [INFO    ] Download completed
2023-01-04 16:06:59,938 [INFO    ] Start download, d04_text_station_5min_2022_05_08.txt.gz
2023-01-04 16:07:08,290 [INFO    ] Download completed
2023-01-04 16:07:13,292 [INFO    ] Start download, d04_text_station_5min_2022_05_09.txt.gz
2023-01-04 16:07:21,983 [INFO    ] Download completed
2023-01-04 16:07:26,984 [INFO    ] Start download, d04_text_station_5min_2022_05_10.txt.gz
2023-01-04 16:07:35,224 [INFO    ] Download completed
2023-01-04 16:07:40,226 [INFO    ] Start download, d04_text_station_5min_2022_05_11.txt.gz
2023-01-04 16:07:48,915 [INFO    ] Download completed
2023-01-04 16:07:53,917 [INFO    ] Start download, d04_text_station_5min_2022_05_12.txt.gz
2023-01-04 16:08:01,424 [INFO    ] Download completed
2023-01-04 16:08:06,426 [INFO    ] Start download, d04_text_station_5min_2022_05_13.txt.gz
2023-01-04 16:08:13,732 [INFO    ] Download completed
2023-01-04 16:08:18,733 [INFO    ] Start download, d04_text_station_5min_2022_05_14.txt.gz
2023-01-04 16:08:25,869 [INFO    ] Download completed
2023-01-04 16:08:30,870 [INFO    ] Start download, d04_text_station_5min_2022_05_15.txt.gz
2023-01-04 16:08:37,705 [INFO    ] Download completed
2023-01-04 16:08:42,707 [INFO    ] Start download, d04_text_station_5min_2022_05_16.txt.gz
2023-01-04 16:08:50,860 [INFO    ] Download completed
2023-01-04 16:08:55,861 [INFO    ] Start download, d04_text_station_5min_2022_05_17.txt.gz
2023-01-04 16:09:04,089 [INFO    ] Download completed
2023-01-04 16:09:09,090 [INFO    ] Start download, d04_text_station_5min_2022_05_18.txt.gz
2023-01-04 16:09:17,263 [INFO    ] Download completed
2023-01-04 16:09:22,265 [INFO    ] Start download, d04_text_station_5min_2022_05_19.txt.gz
2023-01-04 16:09:30,319 [INFO    ] Download completed
2023-01-04 16:09:35,321 [INFO    ] Start download, d04_text_station_5min_2022_05_20.txt.gz
2023-01-04 16:09:43,990 [INFO    ] Download completed
2023-01-04 16:09:48,991 [INFO    ] Start download, d04_text_station_5min_2022_05_21.txt.gz
2023-01-04 16:09:57,701 [INFO    ] Download completed
2023-01-04 16:10:02,702 [INFO    ] Start download, d04_text_station_5min_2022_05_22.txt.gz
2023-01-04 16:10:10,115 [INFO    ] Download completed
2023-01-04 16:10:15,116 [INFO    ] Start download, d04_text_station_5min_2022_05_23.txt.gz
2023-01-04 16:10:23,012 [INFO    ] Download completed
2023-01-04 16:10:28,013 [INFO    ] Start download, d04_text_station_5min_2022_05_24.txt.gz
2023-01-04 16:10:36,123 [INFO    ] Download completed
2023-01-04 16:10:41,125 [INFO    ] Start download, d04_text_station_5min_2022_05_25.txt.gz
2023-01-04 16:10:48,726 [INFO    ] Download completed
2023-01-04 16:10:53,728 [INFO    ] Start download, d04_text_station_5min_2022_05_26.txt.gz
2023-01-04 16:11:02,744 [INFO    ] Download completed
2023-01-04 16:11:07,746 [INFO    ] Start download, d04_text_station_5min_2022_05_27.txt.gz
2023-01-04 16:11:16,306 [INFO    ] Download completed
2023-01-04 16:11:21,308 [INFO    ] Start download, d04_text_station_5min_2022_05_28.txt.gz
2023-01-04 16:11:29,836 [INFO    ] Download completed
2023-01-04 16:11:34,838 [INFO    ] Start download, d04_text_station_5min_2022_05_29.txt.gz
2023-01-04 16:11:42,765 [INFO    ] Download completed
2023-01-04 16:11:47,766 [INFO    ] Start download, d04_text_station_5min_2022_05_30.txt.gz
2023-01-04 16:11:56,122 [INFO    ] Download completed
2023-01-04 16:12:01,124 [INFO    ] Start download, d04_text_station_5min_2022_05_31.txt.gz
2023-01-04 16:12:09,810 [INFO    ] Download completed
2023-01-04 16:12:14,811 [INFO    ] Start download, d04_text_station_5min_2022_06_01.txt.gz
2023-01-04 16:12:23,131 [INFO    ] Download completed
2023-01-04 16:12:28,133 [INFO    ] Start download, d04_text_station_5min_2022_06_02.txt.gz
2023-01-04 16:12:36,711 [INFO    ] Download completed
2023-01-04 16:12:41,712 [INFO    ] Start download, d04_text_station_5min_2022_06_03.txt.gz
2023-01-04 16:12:50,337 [INFO    ] Download completed
2023-01-04 16:12:55,338 [INFO    ] Start download, d04_text_station_5min_2022_06_04.txt.gz
2023-01-04 16:13:00,205 [INFO    ] Download completed
2023-01-04 16:13:05,207 [INFO    ] Start download, d04_text_station_5min_2022_06_05.txt.gz
2023-01-04 16:13:12,696 [INFO    ] Download completed
2023-01-04 16:13:17,697 [INFO    ] Start download, d04_text_station_5min_2022_06_06.txt.gz
2023-01-04 16:13:25,492 [INFO    ] Download completed
2023-01-04 16:13:30,493 [INFO    ] Start download, d04_text_station_5min_2022_06_07.txt.gz
2023-01-04 16:13:40,285 [INFO    ] Download completed
2023-01-04 16:13:45,287 [INFO    ] Start download, d04_text_station_5min_2022_06_08.txt.gz
2023-01-04 16:13:53,277 [INFO    ] Download completed
2023-01-04 16:13:58,278 [INFO    ] Start download, d04_text_station_5min_2022_06_09.txt.gz
2023-01-04 16:14:06,113 [INFO    ] Download completed
2023-01-04 16:14:11,115 [INFO    ] Start download, d04_text_station_5min_2022_06_10.txt.gz
2023-01-04 16:14:19,315 [INFO    ] Download completed
2023-01-04 16:14:24,316 [INFO    ] Start download, d04_text_station_5min_2022_06_11.txt.gz
2023-01-04 16:14:31,121 [INFO    ] Download completed
2023-01-04 16:14:36,123 [INFO    ] Start download, d04_text_station_5min_2022_06_12.txt.gz
2023-01-04 16:14:43,951 [INFO    ] Download completed
2023-01-04 16:14:48,953 [INFO    ] Start download, d04_text_station_5min_2022_06_13.txt.gz
2023-01-04 16:14:57,287 [INFO    ] Download completed
2023-01-04 16:15:02,289 [INFO    ] Start download, d04_text_station_5min_2022_06_14.txt.gz
2023-01-04 16:15:10,475 [INFO    ] Download completed
2023-01-04 16:15:15,476 [INFO    ] Start download, d04_text_station_5min_2022_06_15.txt.gz
2023-01-04 16:15:23,941 [INFO    ] Download completed
2023-01-04 16:15:28,943 [INFO    ] Start download, d04_text_station_5min_2022_06_16.txt.gz
2023-01-04 16:15:37,238 [INFO    ] Download completed
2023-01-04 16:15:42,239 [INFO    ] Start download, d04_text_station_5min_2022_06_17.txt.gz
2023-01-04 16:15:50,482 [INFO    ] Download completed
2023-01-04 16:15:55,484 [INFO    ] Start download, d04_text_station_5min_2022_06_18.txt.gz
2023-01-04 16:16:03,823 [INFO    ] Download completed
2023-01-04 16:16:08,825 [INFO    ] Start download, d04_text_station_5min_2022_06_19.txt.gz
2023-01-04 16:16:17,846 [INFO    ] Download completed
2023-01-04 16:16:22,848 [INFO    ] Start download, d04_text_station_5min_2022_06_20.txt.gz
2023-01-04 16:16:30,406 [INFO    ] Download completed
2023-01-04 16:16:35,408 [INFO    ] Start download, d04_text_station_5min_2022_06_21.txt.gz
2023-01-04 16:16:43,330 [INFO    ] Download completed
2023-01-04 16:16:48,332 [INFO    ] Start download, d04_text_station_5min_2022_06_22.txt.gz
2023-01-04 16:16:57,049 [INFO    ] Download completed
2023-01-04 16:17:02,050 [INFO    ] Start download, d04_text_station_5min_2022_06_23.txt.gz
2023-01-04 16:17:10,127 [INFO    ] Download completed
2023-01-04 16:17:15,129 [INFO    ] Start download, d04_text_station_5min_2022_06_24.txt.gz
2023-01-04 16:17:23,114 [INFO    ] Download completed
2023-01-04 16:17:28,115 [INFO    ] Start download, d04_text_station_5min_2022_06_25.txt.gz
2023-01-04 16:17:36,070 [INFO    ] Download completed
2023-01-04 16:17:41,072 [INFO    ] Start download, d04_text_station_5min_2022_06_26.txt.gz
2023-01-04 16:17:50,048 [INFO    ] Download completed
2023-01-04 16:17:55,050 [INFO    ] Start download, d04_text_station_5min_2022_06_27.txt.gz
2023-01-04 16:18:03,367 [INFO    ] Download completed
2023-01-04 16:18:08,369 [INFO    ] Start download, d04_text_station_5min_2022_06_28.txt.gz
2023-01-04 16:18:16,490 [INFO    ] Download completed
2023-01-04 16:18:21,492 [INFO    ] Start download, d04_text_station_5min_2022_06_29.txt.gz
2023-01-04 16:18:29,538 [INFO    ] Download completed
2023-01-04 16:18:34,539 [INFO    ] Start download, d04_text_station_5min_2022_06_30.txt.gz
2023-01-04 16:18:42,453 [INFO    ] Download completed
2023-01-04 16:18:47,454 [INFO    ] Start download, d04_text_station_5min_2022_07_01.txt.gz
2023-01-04 16:18:55,103 [INFO    ] Download completed
2023-01-04 16:19:00,104 [INFO    ] Start download, d04_text_station_5min_2022_07_02.txt.gz
2023-01-04 16:19:08,034 [INFO    ] Download completed
2023-01-04 16:19:13,036 [INFO    ] Start download, d04_text_station_5min_2022_07_03.txt.gz
2023-01-04 16:19:21,599 [INFO    ] Download completed
2023-01-04 16:19:26,600 [INFO    ] Start download, d04_text_station_5min_2022_07_04.txt.gz
2023-01-04 16:19:35,208 [INFO    ] Download completed
2023-01-04 16:19:40,209 [INFO    ] Start download, d04_text_station_5min_2022_07_05.txt.gz
2023-01-04 16:19:49,074 [INFO    ] Download completed
2023-01-04 16:19:54,075 [INFO    ] Start download, d04_text_station_5min_2022_07_06.txt.gz
2023-01-04 16:20:02,370 [INFO    ] Download completed
2023-01-04 16:20:07,372 [INFO    ] Start download, d04_text_station_5min_2022_07_07.txt.gz
2023-01-04 16:20:17,280 [INFO    ] Download completed
2023-01-04 16:20:22,281 [INFO    ] Start download, d04_text_station_5min_2022_07_08.txt.gz
2023-01-04 16:20:31,337 [INFO    ] Download completed
2023-01-04 16:20:36,338 [INFO    ] Start download, d04_text_station_5min_2022_07_09.txt.gz
2023-01-04 16:20:44,504 [INFO    ] Download completed
2023-01-04 16:20:49,506 [INFO    ] Start download, d04_text_station_5min_2022_07_10.txt.gz
2023-01-04 16:20:57,553 [INFO    ] Download completed
2023-01-04 16:21:02,555 [INFO    ] Start download, d04_text_station_5min_2022_07_11.txt.gz
2023-01-04 16:21:12,346 [INFO    ] Download completed
2023-01-04 16:21:17,347 [INFO    ] Start download, d04_text_station_5min_2022_07_12.txt.gz
2023-01-04 16:21:25,240 [INFO    ] Download completed
2023-01-04 16:21:30,242 [INFO    ] Start download, d04_text_station_5min_2022_07_13.txt.gz
2023-01-04 16:21:38,721 [INFO    ] Download completed
2023-01-04 16:21:43,723 [INFO    ] Start download, d04_text_station_5min_2022_07_14.txt.gz
2023-01-04 16:21:51,734 [INFO    ] Download completed
2023-01-04 16:21:56,735 [INFO    ] Start download, d04_text_station_5min_2022_07_15.txt.gz
2023-01-04 16:22:05,439 [INFO    ] Download completed
2023-01-04 16:22:10,441 [INFO    ] Start download, d04_text_station_5min_2022_07_16.txt.gz
2023-01-04 16:22:18,776 [INFO    ] Download completed
2023-01-04 16:22:23,777 [INFO    ] Start download, d04_text_station_5min_2022_07_17.txt.gz
2023-01-04 16:22:32,579 [INFO    ] Download completed
2023-01-04 16:22:37,580 [INFO    ] Start download, d04_text_station_5min_2022_07_18.txt.gz
2023-01-04 16:22:46,357 [INFO    ] Download completed
2023-01-04 16:22:51,359 [INFO    ] Start download, d04_text_station_5min_2022_07_19.txt.gz
2023-01-04 16:23:02,565 [INFO    ] Download completed
2023-01-04 16:23:07,567 [INFO    ] Start download, d04_text_station_5min_2022_07_20.txt.gz
2023-01-04 16:23:16,253 [INFO    ] Download completed
2023-01-04 16:23:21,256 [INFO    ] Start download, d04_text_station_5min_2022_07_21.txt.gz
2023-01-04 16:23:29,903 [INFO    ] Download completed
2023-01-04 16:23:34,905 [INFO    ] Start download, d04_text_station_5min_2022_07_22.txt.gz
2023-01-04 16:23:44,882 [INFO    ] Download completed
2023-01-04 16:23:49,884 [INFO    ] Start download, d04_text_station_5min_2022_07_23.txt.gz
2023-01-04 16:23:57,567 [INFO    ] Download completed
2023-01-04 16:24:02,568 [INFO    ] Start download, d04_text_station_5min_2022_07_24.txt.gz
2023-01-04 16:24:11,161 [INFO    ] Download completed
2023-01-04 16:24:16,162 [INFO    ] Start download, d04_text_station_5min_2022_07_25.txt.gz
2023-01-04 16:24:24,861 [INFO    ] Download completed
2023-01-04 16:24:29,863 [INFO    ] Start download, d04_text_station_5min_2022_07_26.txt.gz
2023-01-04 16:24:39,069 [INFO    ] Download completed
2023-01-04 16:24:44,070 [INFO    ] Start download, d04_text_station_5min_2022_07_27.txt.gz
2023-01-04 16:24:52,038 [INFO    ] Download completed
2023-01-04 16:24:57,040 [INFO    ] Start download, d04_text_station_5min_2022_07_28.txt.gz
2023-01-04 16:25:05,353 [INFO    ] Download completed
2023-01-04 16:25:10,354 [INFO    ] Start download, d04_text_station_5min_2022_07_29.txt.gz
2023-01-04 16:25:18,784 [INFO    ] Download completed
2023-01-04 16:25:23,786 [INFO    ] Start download, d04_text_station_5min_2022_07_30.txt.gz
2023-01-04 16:25:32,332 [INFO    ] Download completed
2023-01-04 16:25:37,334 [INFO    ] Start download, d04_text_station_5min_2022_07_31.txt.gz
2023-01-04 16:25:45,754 [INFO    ] Download completed
2023-01-04 16:25:50,755 [INFO    ] Start download, d04_text_station_5min_2022_08_01.txt.gz
2023-01-04 16:25:59,320 [INFO    ] Download completed
2023-01-04 16:26:04,321 [INFO    ] Start download, d04_text_station_5min_2022_08_02.txt.gz
2023-01-04 16:26:13,330 [INFO    ] Download completed
2023-01-04 16:26:18,332 [INFO    ] Start download, d04_text_station_5min_2022_08_03.txt.gz
2023-01-04 16:26:26,157 [INFO    ] Download completed
2023-01-04 16:26:31,158 [INFO    ] Start download, d04_text_station_5min_2022_08_04.txt.gz
2023-01-04 16:26:38,898 [INFO    ] Download completed
2023-01-04 16:26:43,900 [INFO    ] Start download, d04_text_station_5min_2022_08_05.txt.gz
2023-01-04 16:26:52,008 [INFO    ] Download completed
2023-01-04 16:26:57,010 [INFO    ] Start download, d04_text_station_5min_2022_08_06.txt.gz
2023-01-04 16:27:04,646 [INFO    ] Download completed
2023-01-04 16:27:09,648 [INFO    ] Start download, d04_text_station_5min_2022_08_07.txt.gz
2023-01-04 16:27:17,955 [INFO    ] Download completed
2023-01-04 16:27:22,956 [INFO    ] Start download, d04_text_station_5min_2022_08_08.txt.gz
2023-01-04 16:27:32,190 [INFO    ] Download completed
2023-01-04 16:27:37,191 [INFO    ] Start download, d04_text_station_5min_2022_08_09.txt.gz
2023-01-04 16:27:46,194 [INFO    ] Download completed
2023-01-04 16:27:51,195 [INFO    ] Start download, d04_text_station_5min_2022_08_10.txt.gz
2023-01-04 16:27:59,918 [INFO    ] Download completed
2023-01-04 16:28:04,920 [INFO    ] Start download, d04_text_station_5min_2022_08_11.txt.gz
2023-01-04 16:28:13,533 [INFO    ] Download completed
2023-01-04 16:28:18,534 [INFO    ] Start download, d04_text_station_5min_2022_08_12.txt.gz
2023-01-04 16:28:26,279 [INFO    ] Download completed
2023-01-04 16:28:31,280 [INFO    ] Start download, d04_text_station_5min_2022_08_13.txt.gz
2023-01-04 16:28:39,772 [INFO    ] Download completed
2023-01-04 16:28:44,773 [INFO    ] Start download, d04_text_station_5min_2022_08_14.txt.gz
2023-01-04 16:28:52,010 [INFO    ] Download completed
2023-01-04 16:28:57,011 [INFO    ] Start download, d04_text_station_5min_2022_08_15.txt.gz
2023-01-04 16:29:05,303 [INFO    ] Download completed
2023-01-04 16:29:10,305 [INFO    ] Start download, d04_text_station_5min_2022_08_16.txt.gz
2023-01-04 16:29:19,247 [INFO    ] Download completed
2023-01-04 16:29:24,248 [INFO    ] Start download, d04_text_station_5min_2022_08_17.txt.gz
2023-01-04 16:29:32,977 [INFO    ] Download completed
2023-01-04 16:29:37,979 [INFO    ] Start download, d04_text_station_5min_2022_08_18.txt.gz
2023-01-04 16:29:46,617 [INFO    ] Download completed
2023-01-04 16:29:51,618 [INFO    ] Start download, d04_text_station_5min_2022_08_19.txt.gz
2023-01-04 16:29:59,977 [INFO    ] Download completed
2023-01-04 16:30:04,978 [INFO    ] Start download, d04_text_station_5min_2022_08_20.txt.gz
2023-01-04 16:30:13,648 [INFO    ] Download completed
2023-01-04 16:30:18,649 [INFO    ] Start download, d04_text_station_5min_2022_08_21.txt.gz
2023-01-04 16:30:27,482 [INFO    ] Download completed
2023-01-04 16:30:32,484 [INFO    ] Start download, d04_text_station_5min_2022_08_22.txt.gz
2023-01-04 16:30:40,954 [INFO    ] Download completed
2023-01-04 16:30:45,955 [INFO    ] Start download, d04_text_station_5min_2022_08_23.txt.gz
2023-01-04 16:30:53,564 [INFO    ] Download completed
2023-01-04 16:30:58,565 [INFO    ] Start download, d04_text_station_5min_2022_08_24.txt.gz
2023-01-04 16:31:06,405 [INFO    ] Download completed
2023-01-04 16:31:11,407 [INFO    ] Start download, d04_text_station_5min_2022_08_25.txt.gz
2023-01-04 16:31:20,175 [INFO    ] Download completed
2023-01-04 16:31:25,176 [INFO    ] Start download, d04_text_station_5min_2022_08_26.txt.gz
2023-01-04 16:31:34,358 [INFO    ] Download completed
2023-01-04 16:31:39,359 [INFO    ] Start download, d04_text_station_5min_2022_08_27.txt.gz
2023-01-04 16:31:43,265 [INFO    ] Download completed
2023-01-04 16:31:48,267 [INFO    ] Start download, d04_text_station_5min_2022_08_28.txt.gz
2023-01-04 16:31:56,192 [INFO    ] Download completed
2023-01-04 16:32:01,194 [INFO    ] Start download, d04_text_station_5min_2022_08_29.txt.gz
2023-01-04 16:32:09,187 [INFO    ] Download completed
2023-01-04 16:32:14,188 [INFO    ] Start download, d04_text_station_5min_2022_08_30.txt.gz
2023-01-04 16:32:23,180 [INFO    ] Download completed
2023-01-04 16:32:28,182 [INFO    ] Start download, d04_text_station_5min_2022_08_31.txt.gz
2023-01-04 16:32:37,151 [INFO    ] Download completed
2023-01-04 16:32:42,153 [INFO    ] Start download, d04_text_station_5min_2022_09_01.txt.gz
2023-01-04 16:32:50,996 [INFO    ] Download completed
2023-01-04 16:32:55,998 [INFO    ] Start download, d04_text_station_5min_2022_09_02.txt.gz
2023-01-04 16:33:03,334 [INFO    ] Download completed
2023-01-04 16:33:08,335 [INFO    ] Start download, d04_text_station_5min_2022_09_03.txt.gz
2023-01-04 16:33:17,318 [INFO    ] Download completed
2023-01-04 16:33:22,319 [INFO    ] Start download, d04_text_station_5min_2022_09_04.txt.gz
2023-01-04 16:33:29,133 [INFO    ] Download completed
2023-01-04 16:33:34,135 [INFO    ] Start download, d04_text_station_5min_2022_09_05.txt.gz
2023-01-04 16:33:42,841 [INFO    ] Download completed
2023-01-04 16:33:47,842 [INFO    ] Start download, d04_text_station_5min_2022_09_06.txt.gz
2023-01-04 16:33:55,865 [INFO    ] Download completed
2023-01-04 16:34:00,867 [INFO    ] Start download, d04_text_station_5min_2022_09_07.txt.gz
2023-01-04 16:34:09,151 [INFO    ] Download completed
2023-01-04 16:34:14,152 [INFO    ] Start download, d04_text_station_5min_2022_09_08.txt.gz
2023-01-04 16:34:22,815 [INFO    ] Download completed
2023-01-04 16:34:27,817 [INFO    ] Start download, d04_text_station_5min_2022_09_09.txt.gz
2023-01-04 16:34:36,428 [INFO    ] Download completed
2023-01-04 16:34:41,430 [INFO    ] Start download, d04_text_station_5min_2022_09_10.txt.gz
2023-01-04 16:34:48,756 [INFO    ] Download completed
2023-01-04 16:34:53,757 [INFO    ] Start download, d04_text_station_5min_2022_09_11.txt.gz
2023-01-04 16:35:01,020 [INFO    ] Download completed
2023-01-04 16:35:06,021 [INFO    ] Start download, d04_text_station_5min_2022_09_12.txt.gz
2023-01-04 16:35:13,923 [INFO    ] Download completed
2023-01-04 16:35:18,924 [INFO    ] Start download, d04_text_station_5min_2022_09_13.txt.gz
2023-01-04 16:35:27,110 [INFO    ] Download completed
2023-01-04 16:35:32,112 [INFO    ] Start download, d04_text_station_5min_2022_09_14.txt.gz
2023-01-04 16:35:41,555 [INFO    ] Download completed
2023-01-04 16:35:46,557 [INFO    ] Start download, d04_text_station_5min_2022_09_15.txt.gz
2023-01-04 16:35:54,929 [INFO    ] Download completed
2023-01-04 16:35:59,930 [INFO    ] Start download, d04_text_station_5min_2022_09_16.txt.gz
2023-01-04 16:36:08,765 [INFO    ] Download completed
2023-01-04 16:36:13,766 [INFO    ] Start download, d04_text_station_5min_2022_09_17.txt.gz
2023-01-04 16:36:22,253 [INFO    ] Download completed
2023-01-04 16:36:27,254 [INFO    ] Start download, d04_text_station_5min_2022_09_18.txt.gz
2023-01-04 16:36:35,444 [INFO    ] Download completed
2023-01-04 16:36:40,445 [INFO    ] Start download, d04_text_station_5min_2022_09_19.txt.gz
2023-01-04 16:36:48,834 [INFO    ] Download completed
2023-01-04 16:36:53,836 [INFO    ] Start download, d04_text_station_5min_2022_09_20.txt.gz
2023-01-04 16:37:01,179 [INFO    ] Download completed
2023-01-04 16:37:06,180 [INFO    ] Start download, d04_text_station_5min_2022_09_21.txt.gz
2023-01-04 16:37:14,025 [INFO    ] Download completed
2023-01-04 16:37:19,026 [INFO    ] Start download, d04_text_station_5min_2022_09_22.txt.gz
2023-01-04 16:37:27,313 [INFO    ] Download completed
2023-01-04 16:37:32,314 [INFO    ] Start download, d04_text_station_5min_2022_09_23.txt.gz
2023-01-04 16:37:44,190 [INFO    ] Download completed
2023-01-04 16:37:49,191 [INFO    ] Start download, d04_text_station_5min_2022_09_24.txt.gz
2023-01-04 16:37:57,123 [INFO    ] Download completed
2023-01-04 16:38:02,124 [INFO    ] Start download, d04_text_station_5min_2022_09_25.txt.gz
2023-01-04 16:38:10,141 [INFO    ] Download completed
2023-01-04 16:38:15,143 [INFO    ] Start download, d04_text_station_5min_2022_09_26.txt.gz
2023-01-04 16:38:23,043 [INFO    ] Download completed
2023-01-04 16:38:28,044 [INFO    ] Start download, d04_text_station_5min_2022_09_27.txt.gz
2023-01-04 16:38:35,929 [INFO    ] Download completed
2023-01-04 16:38:40,931 [INFO    ] Start download, d04_text_station_5min_2022_09_28.txt.gz
2023-01-04 16:38:48,937 [INFO    ] Download completed
2023-01-04 16:38:53,938 [INFO    ] Start download, d04_text_station_5min_2022_09_29.txt.gz
2023-01-04 16:39:01,298 [INFO    ] Download completed
2023-01-04 16:39:06,300 [INFO    ] Start download, d04_text_station_5min_2022_09_30.txt.gz
2023-01-04 16:39:14,649 [INFO    ] Download completed
2023-01-04 16:39:19,651 [INFO    ] Start download, d04_text_station_5min_2022_10_01.txt.gz
2023-01-04 16:39:29,910 [INFO    ] Download completed
2023-01-04 16:39:34,911 [INFO    ] Start download, d04_text_station_5min_2022_10_02.txt.gz
2023-01-04 16:39:43,824 [INFO    ] Download completed
2023-01-04 16:39:48,826 [INFO    ] Start download, d04_text_station_5min_2022_10_03.txt.gz
2023-01-04 16:39:56,675 [INFO    ] Download completed
2023-01-04 16:40:01,677 [INFO    ] Start download, d04_text_station_5min_2022_10_04.txt.gz
2023-01-04 16:40:09,835 [INFO    ] Download completed
2023-01-04 16:40:14,836 [INFO    ] Start download, d04_text_station_5min_2022_10_05.txt.gz
2023-01-04 16:40:24,453 [INFO    ] Download completed
2023-01-04 16:40:29,455 [INFO    ] Start download, d04_text_station_5min_2022_10_06.txt.gz
2023-01-04 16:40:37,527 [INFO    ] Download completed
2023-01-04 16:40:42,529 [INFO    ] Start download, d04_text_station_5min_2022_10_07.txt.gz
2023-01-04 16:40:50,745 [INFO    ] Download completed
2023-01-04 16:40:55,746 [INFO    ] Start download, d04_text_station_5min_2022_10_08.txt.gz
2023-01-04 16:41:05,121 [INFO    ] Download completed
2023-01-04 16:41:10,123 [INFO    ] Start download, d04_text_station_5min_2022_10_09.txt.gz
2023-01-04 16:41:17,351 [INFO    ] Download completed
2023-01-04 16:41:22,353 [INFO    ] Start download, d04_text_station_5min_2022_10_10.txt.gz
2023-01-04 16:41:30,906 [INFO    ] Download completed
2023-01-04 16:41:35,908 [INFO    ] Start download, d04_text_station_5min_2022_10_11.txt.gz
2023-01-04 16:41:44,487 [INFO    ] Download completed
2023-01-04 16:41:49,488 [INFO    ] Start download, d04_text_station_5min_2022_10_12.txt.gz
2023-01-04 16:41:57,942 [INFO    ] Download completed
2023-01-04 16:42:02,944 [INFO    ] Start download, d04_text_station_5min_2022_10_13.txt.gz
2023-01-04 16:42:12,448 [INFO    ] Download completed
2023-01-04 16:42:17,450 [INFO    ] Start download, d04_text_station_5min_2022_10_14.txt.gz
2023-01-04 16:42:26,355 [INFO    ] Download completed
2023-01-04 16:42:31,356 [INFO    ] Start download, d04_text_station_5min_2022_10_15.txt.gz
2023-01-04 16:42:39,926 [INFO    ] Download completed
2023-01-04 16:42:44,928 [INFO    ] Start download, d04_text_station_5min_2022_10_16.txt.gz
2023-01-04 16:42:52,821 [INFO    ] Download completed
2023-01-04 16:42:57,823 [INFO    ] Start download, d04_text_station_5min_2022_10_17.txt.gz
2023-01-04 16:43:06,077 [INFO    ] Download completed
2023-01-04 16:43:11,079 [INFO    ] Start download, d04_text_station_5min_2022_10_18.txt.gz
2023-01-04 16:43:19,642 [INFO    ] Download completed
2023-01-04 16:43:24,643 [INFO    ] Start download, d04_text_station_5min_2022_10_19.txt.gz
2023-01-04 16:43:32,586 [INFO    ] Download completed
2023-01-04 16:43:37,587 [INFO    ] Start download, d04_text_station_5min_2022_10_20.txt.gz
2023-01-04 16:43:44,564 [INFO    ] Download completed
2023-01-04 16:43:49,566 [INFO    ] Start download, d04_text_station_5min_2022_10_21.txt.gz
2023-01-04 16:43:55,968 [INFO    ] Download completed
2023-01-04 16:44:00,970 [INFO    ] Start download, d04_text_station_5min_2022_10_22.txt.gz
2023-01-04 16:44:07,542 [INFO    ] Download completed
2023-01-04 16:44:12,543 [INFO    ] Start download, d04_text_station_5min_2022_10_23.txt.gz
2023-01-04 16:44:20,329 [INFO    ] Download completed
2023-01-04 16:44:25,331 [INFO    ] Start download, d04_text_station_5min_2022_10_24.txt.gz
2023-01-04 16:44:33,830 [INFO    ] Download completed
2023-01-04 16:44:38,832 [INFO    ] Start download, d04_text_station_5min_2022_10_25.txt.gz
2023-01-04 16:44:47,544 [INFO    ] Download completed
2023-01-04 16:44:52,545 [INFO    ] Start download, d04_text_station_5min_2022_10_26.txt.gz
2023-01-04 16:45:00,679 [INFO    ] Download completed
2023-01-04 16:45:05,680 [INFO    ] Start download, d04_text_station_5min_2022_10_27.txt.gz
2023-01-04 16:45:14,550 [INFO    ] Download completed
2023-01-04 16:45:19,552 [INFO    ] Start download, d04_text_station_5min_2022_10_28.txt.gz
2023-01-04 16:45:28,192 [INFO    ] Download completed
2023-01-04 16:45:33,194 [INFO    ] Start download, d04_text_station_5min_2022_10_29.txt.gz
2023-01-04 16:45:40,296 [INFO    ] Download completed
2023-01-04 16:45:45,298 [INFO    ] Start download, d04_text_station_5min_2022_10_30.txt.gz
2023-01-04 16:45:53,727 [INFO    ] Download completed
2023-01-04 16:45:58,729 [INFO    ] Start download, d04_text_station_5min_2022_10_31.txt.gz
2023-01-04 16:46:07,240 [INFO    ] Download completed
2023-01-04 16:46:12,242 [INFO    ] Start download, d04_text_station_5min_2022_11_01.txt.gz
2023-01-04 16:46:20,949 [INFO    ] Download completed
2023-01-04 16:46:25,951 [INFO    ] Start download, d04_text_station_5min_2022_11_02.txt.gz
2023-01-04 16:46:39,202 [INFO    ] Download completed
2023-01-04 16:46:44,203 [INFO    ] Start download, d04_text_station_5min_2022_11_03.txt.gz
2023-01-04 16:46:52,648 [INFO    ] Download completed
2023-01-04 16:46:57,649 [INFO    ] Start download, d04_text_station_5min_2022_11_04.txt.gz
2023-01-04 16:47:05,595 [INFO    ] Download completed
2023-01-04 16:47:10,597 [INFO    ] Start download, d04_text_station_5min_2022_11_05.txt.gz
2023-01-04 16:47:19,607 [INFO    ] Download completed
2023-01-04 16:47:24,609 [INFO    ] Start download, d04_text_station_5min_2022_11_06.txt.gz
2023-01-04 16:47:32,735 [INFO    ] Download completed
2023-01-04 16:47:37,737 [INFO    ] Start download, d04_text_station_5min_2022_11_07.txt.gz
2023-01-04 16:47:45,692 [INFO    ] Download completed
2023-01-04 16:47:50,693 [INFO    ] Start download, d04_text_station_5min_2022_11_08.txt.gz
2023-01-04 16:47:59,948 [INFO    ] Download completed
2023-01-04 16:48:04,950 [INFO    ] Start download, d04_text_station_5min_2022_11_09.txt.gz
2023-01-04 16:48:13,326 [INFO    ] Download completed
2023-01-04 16:48:18,328 [INFO    ] Start download, d04_text_station_5min_2022_11_10.txt.gz
2023-01-04 16:48:27,566 [INFO    ] Download completed
2023-01-04 16:48:32,567 [INFO    ] Start download, d04_text_station_5min_2022_11_11.txt.gz
2023-01-04 16:48:40,913 [INFO    ] Download completed
2023-01-04 16:48:45,915 [INFO    ] Start download, d04_text_station_5min_2022_11_12.txt.gz
2023-01-04 16:48:54,067 [INFO    ] Download completed
2023-01-04 16:48:59,068 [INFO    ] Start download, d04_text_station_5min_2022_11_13.txt.gz
2023-01-04 16:49:06,462 [INFO    ] Download completed
2023-01-04 16:49:11,464 [INFO    ] Start download, d04_text_station_5min_2022_11_14.txt.gz
2023-01-04 16:49:20,660 [INFO    ] Download completed
2023-01-04 16:49:25,661 [INFO    ] Start download, d04_text_station_5min_2022_11_15.txt.gz
2023-01-04 16:49:34,453 [INFO    ] Download completed
2023-01-04 16:49:39,455 [INFO    ] Start download, d04_text_station_5min_2022_11_16.txt.gz
2023-01-04 16:49:47,757 [INFO    ] Download completed
2023-01-04 16:49:52,758 [INFO    ] Start download, d04_text_station_5min_2022_11_17.txt.gz
2023-01-04 16:50:01,402 [INFO    ] Download completed
2023-01-04 16:50:06,404 [INFO    ] Start download, d04_text_station_5min_2022_11_18.txt.gz
2023-01-04 16:50:14,855 [INFO    ] Download completed
2023-01-04 16:50:19,856 [INFO    ] Start download, d04_text_station_5min_2022_11_19.txt.gz
2023-01-04 16:50:26,771 [INFO    ] Download completed
2023-01-04 16:50:31,772 [INFO    ] Start download, d04_text_station_5min_2022_11_20.txt.gz
2023-01-04 16:50:40,785 [INFO    ] Download completed
2023-01-04 16:50:45,787 [INFO    ] Start download, d04_text_station_5min_2022_11_21.txt.gz
2023-01-04 16:50:54,043 [INFO    ] Download completed
2023-01-04 16:50:59,044 [INFO    ] Start download, d04_text_station_5min_2022_11_22.txt.gz
2023-01-04 16:51:07,987 [INFO    ] Download completed
2023-01-04 16:51:12,988 [INFO    ] Start download, d04_text_station_5min_2022_11_23.txt.gz
2023-01-04 16:51:20,861 [INFO    ] Download completed
2023-01-04 16:51:25,863 [INFO    ] Start download, d04_text_station_5min_2022_11_24.txt.gz
2023-01-04 16:51:34,167 [INFO    ] Download completed
2023-01-04 16:51:39,168 [INFO    ] Start download, d04_text_station_5min_2022_11_25.txt.gz
2023-01-04 16:51:51,698 [INFO    ] Download completed
2023-01-04 16:51:56,699 [INFO    ] Start download, d04_text_station_5min_2022_11_26.txt.gz
2023-01-04 16:52:04,942 [INFO    ] Download completed
2023-01-04 16:52:09,944 [INFO    ] Start download, d04_text_station_5min_2022_11_27.txt.gz
2023-01-04 16:52:18,437 [INFO    ] Download completed
2023-01-04 16:52:23,438 [INFO    ] Start download, d04_text_station_5min_2022_11_28.txt.gz
2023-01-04 16:52:32,445 [INFO    ] Download completed
2023-01-04 16:52:37,447 [INFO    ] Start download, d04_text_station_5min_2022_11_29.txt.gz
2023-01-04 16:52:47,620 [INFO    ] Download completed
2023-01-04 16:52:52,621 [INFO    ] Start download, d04_text_station_5min_2022_11_30.txt.gz
2023-01-04 16:53:01,801 [INFO    ] Download completed
2023-01-04 16:53:06,802 [INFO    ] Start download, d04_text_station_5min_2022_12_01.txt.gz
2023-01-04 16:53:15,365 [INFO    ] Download completed
2023-01-04 16:53:20,366 [INFO    ] Start download, d04_text_station_5min_2022_12_02.txt.gz
2023-01-04 16:53:30,048 [INFO    ] Download completed
2023-01-04 16:53:35,049 [INFO    ] Start download, d04_text_station_5min_2022_12_03.txt.gz
2023-01-04 16:53:44,479 [INFO    ] Download completed
2023-01-04 16:53:49,480 [INFO    ] Start download, d04_text_station_5min_2022_12_04.txt.gz
2023-01-04 16:53:58,245 [INFO    ] Download completed
2023-01-04 16:54:03,247 [INFO    ] Start download, d04_text_station_5min_2022_12_05.txt.gz
2023-01-04 16:54:10,141 [INFO    ] Download completed
2023-01-04 16:54:15,142 [INFO    ] Start download, d04_text_station_5min_2022_12_06.txt.gz
2023-01-04 16:54:24,268 [INFO    ] Download completed
2023-01-04 16:54:29,269 [INFO    ] Start download, d04_text_station_5min_2022_12_07.txt.gz
2023-01-04 16:54:37,392 [INFO    ] Download completed
2023-01-04 16:54:42,393 [INFO    ] Start download, d04_text_station_5min_2022_12_08.txt.gz
2023-01-04 16:54:50,160 [INFO    ] Download completed
2023-01-04 16:54:55,162 [INFO    ] Start download, d04_text_station_5min_2022_12_09.txt.gz
2023-01-04 16:55:04,198 [INFO    ] Download completed
2023-01-04 16:55:09,199 [INFO    ] Start download, d04_text_station_5min_2022_12_10.txt.gz
2023-01-04 16:55:17,745 [INFO    ] Download completed
2023-01-04 16:55:22,747 [INFO    ] Start download, d04_text_station_5min_2022_12_11.txt.gz
2023-01-04 16:55:31,714 [INFO    ] Download completed
2023-01-04 16:55:36,716 [INFO    ] Start download, d04_text_station_5min_2022_12_12.txt.gz
2023-01-04 16:55:45,670 [INFO    ] Download completed
2023-01-04 16:55:50,672 [INFO    ] Start download, d04_text_station_5min_2022_12_13.txt.gz
2023-01-04 16:55:59,570 [INFO    ] Download completed
2023-01-04 16:56:04,572 [INFO    ] Start download, d04_text_station_5min_2022_12_14.txt.gz
2023-01-04 16:56:13,256 [INFO    ] Download completed
2023-01-04 16:56:18,257 [INFO    ] Start download, d04_text_station_5min_2022_12_15.txt.gz
2023-01-04 16:56:27,114 [INFO    ] Download completed
2023-01-04 16:56:32,116 [INFO    ] Start download, d04_text_station_5min_2022_12_16.txt.gz
2023-01-04 16:56:41,065 [INFO    ] Download completed
2023-01-04 16:56:46,067 [INFO    ] Start download, d04_text_station_5min_2022_12_17.txt.gz
2023-01-04 16:56:55,686 [INFO    ] Download completed
2023-01-04 16:57:00,688 [INFO    ] Start download, d04_text_station_5min_2022_12_18.txt.gz
2023-01-04 16:57:08,456 [INFO    ] Download completed
2023-01-04 16:57:13,457 [INFO    ] Start download, d04_text_station_5min_2022_12_19.txt.gz
2023-01-04 16:57:21,009 [INFO    ] Download completed
2023-01-04 16:57:26,010 [INFO    ] Start download, d04_text_station_5min_2022_12_20.txt.gz
2023-01-04 16:57:34,758 [INFO    ] Download completed
2023-01-04 16:57:39,760 [INFO    ] Start download, d04_text_station_5min_2022_12_21.txt.gz
2023-01-04 16:57:49,064 [INFO    ] Download completed
2023-01-04 16:57:54,066 [INFO    ] Start download, d04_text_station_5min_2022_12_22.txt.gz
2023-01-04 16:58:01,472 [INFO    ] Download completed
2023-01-04 16:58:06,474 [INFO    ] Start download, d04_text_station_5min_2022_12_23.txt.gz
2023-01-04 16:58:16,111 [INFO    ] Download completed
2023-01-04 16:58:21,112 [INFO    ] Start download, d04_text_station_5min_2022_12_24.txt.gz
2023-01-04 16:58:29,259 [INFO    ] Download completed
2023-01-04 16:58:34,261 [INFO    ] Start download, d04_text_station_5min_2022_12_25.txt.gz
2023-01-04 16:58:41,545 [INFO    ] Download completed
2023-01-04 16:58:46,546 [INFO    ] Start download, d04_text_station_5min_2022_12_26.txt.gz
2023-01-04 16:58:54,002 [INFO    ] Download completed
2023-01-04 16:58:59,003 [INFO    ] Start download, d04_text_station_5min_2022_12_27.txt.gz
2023-01-04 16:59:05,820 [INFO    ] Download completed
2023-01-04 16:59:10,821 [INFO    ] Start download, d04_text_station_5min_2022_12_28.txt.gz
2023-01-04 16:59:18,745 [INFO    ] Download completed
2023-01-04 16:59:23,746 [INFO    ] Start download, d04_text_station_5min_2022_12_29.txt.gz
2023-01-04 16:59:31,416 [INFO    ] Download completed
2023-01-04 16:59:36,417 [INFO    ] Start download, d04_text_station_5min_2022_12_30.txt.gz
2023-01-04 16:59:44,571 [INFO    ] Download completed
2023-01-04 16:59:49,573 [INFO    ] Start download, d04_text_station_5min_2022_12_31.txt.gz
2023-01-04 16:59:57,657 [INFO    ] Download completed
2023-01-04 17:00:02,670 [INFO    ] Downloads complete, 365 files, 10457.6 megabites
/var/spool/slurm/d/job298863/slurm_script: line 16: 2708097 Killed                  python3 pems_data_downloader.py
slurmstepd: error: Detected 1 oom-kill event(s) in StepId=298863.batch. Some of your processes may have been killed by the cgroup out-of-memory handler.
